Thu Jul 13 09:44:01 2023  [TRACE]: Start Initializing a b c A
Thu Jul 13 09:44:01 2023  [TRACE]: Processing coefs
Thu Jul 13 09:44:01 2023  [TRACE]: Calculating c
Thu Jul 13 09:44:01 2023  [TRACE]: Initializing fft
Thu Jul 13 09:44:01 2023  [TRACE]: Start iFFT A
Thu Jul 13 09:44:01 2023  [TRACE]: a After ifft:
Thu Jul 13 09:44:01 2023  [TRACE]: Start Shift A
Thu Jul 13 09:44:01 2023  [TRACE]: a After shift:
Thu Jul 13 09:44:01 2023  [TRACE]: Start FFT A
Thu Jul 13 09:44:01 2023  [TRACE]: a After fft:
Thu Jul 13 09:44:01 2023  [TRACE]: Start iFFT B
Thu Jul 13 09:44:01 2023  [TRACE]: b After ifft:
Thu Jul 13 09:44:01 2023  [TRACE]: Start Shift B
Thu Jul 13 09:44:01 2023  [TRACE]: b After shift:
Thu Jul 13 09:44:01 2023  [TRACE]: Start FFT B
Thu Jul 13 09:44:01 2023  [TRACE]: b After fft:
Thu Jul 13 09:44:01 2023  [TRACE]: Start iFFT C
Thu Jul 13 09:44:01 2023  [TRACE]: c After ifft:
Thu Jul 13 09:44:01 2023  [TRACE]: Start Shift C
Thu Jul 13 09:44:01 2023  [TRACE]: c After shift:
Thu Jul 13 09:44:01 2023  [TRACE]: Start FFT C
Thu Jul 13 09:44:01 2023  [TRACE]: c After fft:
Thu Jul 13 09:44:01 2023  [TRACE]: Start ABC
Thu Jul 13 09:44:01 2023  [TRACE]: abc:
Thu Jul 13 09:44:01 2023  [TRACE]: Start Multiexp H
Thu Jul 13 09:44:01 2023  [TRACE]: Start Multiexp A
Thu Jul 13 09:44:01 2023  [TRACE]: Start Multiexp B1
Thu Jul 13 09:44:02 2023  [TRACE]: Start Multiexp B2
Thu Jul 13 09:44:02 2023  [TRACE]: Start Multiexp C
Thu Jul 13 09:53:38 2023  [TRACE]: Start Initializing a b c A
Thu Jul 13 09:53:38 2023  [TRACE]: Processing coefs
Thu Jul 13 09:53:38 2023  [TRACE]: Calculating c
Thu Jul 13 09:53:38 2023  [TRACE]: Initializing fft
Thu Jul 13 09:53:38 2023  [TRACE]: Start iFFT A
Thu Jul 13 09:53:38 2023  [TRACE]: a After ifft:
Thu Jul 13 09:53:38 2023  [TRACE]: Start Shift A
Thu Jul 13 09:53:38 2023  [TRACE]: a After shift:
Thu Jul 13 09:53:38 2023  [TRACE]: Start FFT A
Thu Jul 13 09:53:38 2023  [TRACE]: a After fft:
Thu Jul 13 09:53:38 2023  [TRACE]: Start iFFT B
Thu Jul 13 09:53:39 2023  [TRACE]: b After ifft:
Thu Jul 13 09:53:39 2023  [TRACE]: Start Shift B
Thu Jul 13 09:53:39 2023  [TRACE]: b After shift:
Thu Jul 13 09:53:39 2023  [TRACE]: Start FFT B
Thu Jul 13 09:53:39 2023  [TRACE]: b After fft:
Thu Jul 13 09:53:39 2023  [TRACE]: Start iFFT C
Thu Jul 13 09:53:39 2023  [TRACE]: c After ifft:
Thu Jul 13 09:53:39 2023  [TRACE]: Start Shift C
Thu Jul 13 09:53:39 2023  [TRACE]: c After shift:
Thu Jul 13 09:53:39 2023  [TRACE]: Start FFT C
Thu Jul 13 09:53:39 2023  [TRACE]: c After fft:
Thu Jul 13 09:53:39 2023  [TRACE]: Start ABC
Thu Jul 13 09:53:39 2023  [TRACE]: abc:
Thu Jul 13 09:53:39 2023  [TRACE]: Start Multiexp H
Thu Jul 13 09:53:39 2023  [TRACE]: Start Multiexp A
Thu Jul 13 09:53:39 2023  [TRACE]: Start Multiexp B1
Thu Jul 13 09:53:39 2023  [TRACE]: Start Multiexp B2
Thu Jul 13 09:53:39 2023  [TRACE]: Start Multiexp C
Thu Jul 13 10:06:49 2023  [TRACE]: Start Initializing a b c A
Thu Jul 13 10:06:49 2023  [TRACE]: Processing coefs
Thu Jul 13 10:06:49 2023  [TRACE]: Calculating c
Thu Jul 13 10:06:49 2023  [TRACE]: Initializing fft
Thu Jul 13 10:06:49 2023  [TRACE]: Start iFFT A
Thu Jul 13 10:06:49 2023  [TRACE]: a After ifft:
Thu Jul 13 10:06:49 2023  [TRACE]: Start Shift A
Thu Jul 13 10:06:49 2023  [TRACE]: a After shift:
Thu Jul 13 10:06:49 2023  [TRACE]: Start FFT A
Thu Jul 13 10:06:49 2023  [TRACE]: a After fft:
Thu Jul 13 10:06:49 2023  [TRACE]: Start iFFT B
Thu Jul 13 10:06:49 2023  [TRACE]: b After ifft:
Thu Jul 13 10:06:49 2023  [TRACE]: Start Shift B
Thu Jul 13 10:06:49 2023  [TRACE]: b After shift:
Thu Jul 13 10:06:49 2023  [TRACE]: Start FFT B
Thu Jul 13 10:06:49 2023  [TRACE]: b After fft:
Thu Jul 13 10:06:49 2023  [TRACE]: Start iFFT C
Thu Jul 13 10:06:49 2023  [TRACE]: c After ifft:
Thu Jul 13 10:06:49 2023  [TRACE]: Start Shift C
Thu Jul 13 10:06:49 2023  [TRACE]: c After shift:
Thu Jul 13 10:06:49 2023  [TRACE]: Start FFT C
Thu Jul 13 10:06:49 2023  [TRACE]: c After fft:
Thu Jul 13 10:06:49 2023  [TRACE]: Start ABC
Thu Jul 13 10:06:49 2023  [TRACE]: abc:
Thu Jul 13 10:06:49 2023  [TRACE]: Start Multiexp H
Thu Jul 13 10:06:49 2023  [TRACE]: Start Multiexp A
Thu Jul 13 10:06:50 2023  [TRACE]: Start Multiexp B1
Thu Jul 13 10:06:50 2023  [TRACE]: Start Multiexp B2
Thu Jul 13 10:06:50 2023  [TRACE]: Start Multiexp C
Thu Jul 13 10:45:48 2023  [TRACE]: Start Initializing a b c A
Thu Jul 13 10:45:48 2023  [TRACE]: Processing coefs
Thu Jul 13 10:45:48 2023  [TRACE]: Calculating c
Thu Jul 13 10:45:48 2023  [TRACE]: Initializing fft
Thu Jul 13 10:45:48 2023  [TRACE]: Start iFFT A
Thu Jul 13 10:45:48 2023  [TRACE]: a After ifft:
Thu Jul 13 10:45:48 2023  [TRACE]: Start Shift A
Thu Jul 13 10:45:48 2023  [TRACE]: a After shift:
Thu Jul 13 10:45:48 2023  [TRACE]: Start FFT A
Thu Jul 13 10:45:48 2023  [TRACE]: a After fft:
Thu Jul 13 10:45:48 2023  [TRACE]: Start iFFT B
Thu Jul 13 10:45:48 2023  [TRACE]: b After ifft:
Thu Jul 13 10:45:48 2023  [TRACE]: Start Shift B
Thu Jul 13 10:45:48 2023  [TRACE]: b After shift:
Thu Jul 13 10:45:48 2023  [TRACE]: Start FFT B
Thu Jul 13 10:45:48 2023  [TRACE]: b After fft:
Thu Jul 13 10:45:48 2023  [TRACE]: Start iFFT C
Thu Jul 13 10:45:48 2023  [TRACE]: c After ifft:
Thu Jul 13 10:45:48 2023  [TRACE]: Start Shift C
Thu Jul 13 10:45:48 2023  [TRACE]: c After shift:
Thu Jul 13 10:45:48 2023  [TRACE]: Start FFT C
Thu Jul 13 10:45:48 2023  [TRACE]: c After fft:
Thu Jul 13 10:45:48 2023  [TRACE]: Start ABC
Thu Jul 13 10:45:48 2023  [TRACE]: abc:
Thu Jul 13 10:45:48 2023  [TRACE]: Start Multiexp H
Thu Jul 13 10:45:48 2023  [TRACE]: Start Multiexp A
Thu Jul 13 10:45:48 2023  [TRACE]: Start Multiexp B1
Thu Jul 13 10:45:48 2023  [TRACE]: Start Multiexp B2
Thu Jul 13 10:45:49 2023  [TRACE]: Start Multiexp C
Thu Jul 13 10:46:47 2023  [TRACE]: Start Initializing a b c A
Thu Jul 13 10:46:47 2023  [TRACE]: Processing coefs
Thu Jul 13 10:46:47 2023  [TRACE]: Calculating c
Thu Jul 13 10:46:47 2023  [TRACE]: Initializing fft
Thu Jul 13 10:46:47 2023  [TRACE]: Start iFFT A
Thu Jul 13 10:46:47 2023  [TRACE]: a After ifft:
Thu Jul 13 10:46:47 2023  [TRACE]: Start Shift A
Thu Jul 13 10:46:47 2023  [TRACE]: a After shift:
Thu Jul 13 10:46:47 2023  [TRACE]: Start FFT A
Thu Jul 13 10:46:47 2023  [TRACE]: a After fft:
Thu Jul 13 10:46:47 2023  [TRACE]: Start iFFT B
Thu Jul 13 10:46:47 2023  [TRACE]: b After ifft:
Thu Jul 13 10:46:47 2023  [TRACE]: Start Shift B
Thu Jul 13 10:46:47 2023  [TRACE]: b After shift:
Thu Jul 13 10:46:47 2023  [TRACE]: Start FFT B
Thu Jul 13 10:46:47 2023  [TRACE]: b After fft:
Thu Jul 13 10:46:47 2023  [TRACE]: Start iFFT C
Thu Jul 13 10:46:47 2023  [TRACE]: c After ifft:
Thu Jul 13 10:46:47 2023  [TRACE]: Start Shift C
Thu Jul 13 10:46:47 2023  [TRACE]: c After shift:
Thu Jul 13 10:46:47 2023  [TRACE]: Start FFT C
Thu Jul 13 10:46:47 2023  [TRACE]: c After fft:
Thu Jul 13 10:46:47 2023  [TRACE]: Start ABC
Thu Jul 13 10:46:47 2023  [TRACE]: abc:
Thu Jul 13 10:46:47 2023  [TRACE]: Start Multiexp H
Thu Jul 13 10:46:47 2023  [TRACE]: Start Multiexp A
Thu Jul 13 10:46:47 2023  [TRACE]: Start Multiexp B1
Thu Jul 13 10:46:47 2023  [TRACE]: Start Multiexp B2
Thu Jul 13 10:46:48 2023  [TRACE]: Start Multiexp C
Thu Jul 13 10:50:48 2023  [TRACE]: Start Initializing a b c A
Thu Jul 13 10:50:48 2023  [TRACE]: Processing coefs
Thu Jul 13 10:50:48 2023  [TRACE]: Calculating c
Thu Jul 13 10:50:48 2023  [TRACE]: Initializing fft
Thu Jul 13 10:50:48 2023  [TRACE]: Start iFFT A
Thu Jul 13 10:50:48 2023  [TRACE]: a After ifft:
Thu Jul 13 10:50:48 2023  [TRACE]: Start Shift A
Thu Jul 13 10:50:48 2023  [TRACE]: a After shift:
Thu Jul 13 10:50:48 2023  [TRACE]: Start FFT A
Thu Jul 13 10:50:48 2023  [TRACE]: a After fft:
Thu Jul 13 10:50:48 2023  [TRACE]: Start iFFT B
Thu Jul 13 10:50:48 2023  [TRACE]: b After ifft:
Thu Jul 13 10:50:48 2023  [TRACE]: Start Shift B
Thu Jul 13 10:50:48 2023  [TRACE]: b After shift:
Thu Jul 13 10:50:48 2023  [TRACE]: Start FFT B
Thu Jul 13 10:50:48 2023  [TRACE]: b After fft:
Thu Jul 13 10:50:48 2023  [TRACE]: Start iFFT C
Thu Jul 13 10:50:48 2023  [TRACE]: c After ifft:
Thu Jul 13 10:50:48 2023  [TRACE]: Start Shift C
Thu Jul 13 10:50:48 2023  [TRACE]: c After shift:
Thu Jul 13 10:50:48 2023  [TRACE]: Start FFT C
Thu Jul 13 10:50:48 2023  [TRACE]: c After fft:
Thu Jul 13 10:50:48 2023  [TRACE]: Start ABC
Thu Jul 13 10:50:48 2023  [TRACE]: abc:
Thu Jul 13 10:50:48 2023  [TRACE]: Start Multiexp H
Thu Jul 13 10:50:48 2023  [TRACE]: Start Multiexp A
Thu Jul 13 10:50:49 2023  [TRACE]: Start Multiexp B1
Thu Jul 13 10:50:49 2023  [TRACE]: Start Multiexp B2
Thu Jul 13 10:50:49 2023  [TRACE]: Start Multiexp C
Thu Jul 13 10:53:30 2023  [TRACE]: Start Initializing a b c A
Thu Jul 13 10:53:30 2023  [TRACE]: Processing coefs
Thu Jul 13 10:53:30 2023  [TRACE]: Calculating c
Thu Jul 13 10:53:30 2023  [TRACE]: Initializing fft
Thu Jul 13 10:53:30 2023  [TRACE]: Start iFFT A
Thu Jul 13 10:53:30 2023  [TRACE]: a After ifft:
Thu Jul 13 10:53:30 2023  [TRACE]: Start Shift A
Thu Jul 13 10:53:30 2023  [TRACE]: a After shift:
Thu Jul 13 10:53:30 2023  [TRACE]: Start FFT A
Thu Jul 13 10:53:30 2023  [TRACE]: a After fft:
Thu Jul 13 10:53:30 2023  [TRACE]: Start iFFT B
Thu Jul 13 10:53:30 2023  [TRACE]: b After ifft:
Thu Jul 13 10:53:30 2023  [TRACE]: Start Shift B
Thu Jul 13 10:53:30 2023  [TRACE]: b After shift:
Thu Jul 13 10:53:30 2023  [TRACE]: Start FFT B
Thu Jul 13 10:53:30 2023  [TRACE]: b After fft:
Thu Jul 13 10:53:30 2023  [TRACE]: Start iFFT C
Thu Jul 13 10:53:30 2023  [TRACE]: c After ifft:
Thu Jul 13 10:53:30 2023  [TRACE]: Start Shift C
Thu Jul 13 10:53:30 2023  [TRACE]: c After shift:
Thu Jul 13 10:53:30 2023  [TRACE]: Start FFT C
Thu Jul 13 10:53:30 2023  [TRACE]: c After fft:
Thu Jul 13 10:53:30 2023  [TRACE]: Start ABC
Thu Jul 13 10:53:30 2023  [TRACE]: abc:
Thu Jul 13 10:53:30 2023  [TRACE]: Start Multiexp H
Thu Jul 13 10:53:31 2023  [TRACE]: Start Multiexp A
Thu Jul 13 10:53:31 2023  [TRACE]: Start Multiexp B1
Thu Jul 13 10:53:31 2023  [TRACE]: Start Multiexp B2
Thu Jul 13 10:53:31 2023  [TRACE]: Start Multiexp C
Thu Jul 13 10:54:29 2023  [TRACE]: Start Initializing a b c A
Thu Jul 13 10:54:29 2023  [TRACE]: Processing coefs
Thu Jul 13 10:54:29 2023  [TRACE]: Calculating c
Thu Jul 13 10:54:29 2023  [TRACE]: Initializing fft
Thu Jul 13 10:54:29 2023  [TRACE]: Start iFFT A
Thu Jul 13 10:54:29 2023  [TRACE]: a After ifft:
Thu Jul 13 10:54:29 2023  [TRACE]: Start Shift A
Thu Jul 13 10:54:29 2023  [TRACE]: a After shift:
Thu Jul 13 10:54:29 2023  [TRACE]: Start FFT A
Thu Jul 13 10:54:29 2023  [TRACE]: a After fft:
Thu Jul 13 10:54:29 2023  [TRACE]: Start iFFT B
Thu Jul 13 10:54:29 2023  [TRACE]: b After ifft:
Thu Jul 13 10:54:29 2023  [TRACE]: Start Shift B
Thu Jul 13 10:54:29 2023  [TRACE]: b After shift:
Thu Jul 13 10:54:29 2023  [TRACE]: Start FFT B
Thu Jul 13 10:54:29 2023  [TRACE]: b After fft:
Thu Jul 13 10:54:29 2023  [TRACE]: Start iFFT C
Thu Jul 13 10:54:29 2023  [TRACE]: c After ifft:
Thu Jul 13 10:54:29 2023  [TRACE]: Start Shift C
Thu Jul 13 10:54:29 2023  [TRACE]: c After shift:
Thu Jul 13 10:54:29 2023  [TRACE]: Start FFT C
Thu Jul 13 10:54:29 2023  [TRACE]: c After fft:
Thu Jul 13 10:54:29 2023  [TRACE]: Start ABC
Thu Jul 13 10:54:29 2023  [TRACE]: abc:
Thu Jul 13 10:54:29 2023  [TRACE]: Start Multiexp H
Thu Jul 13 10:54:29 2023  [TRACE]: Start Multiexp A
Thu Jul 13 10:54:29 2023  [TRACE]: Start Multiexp B1
Thu Jul 13 10:54:30 2023  [TRACE]: Start Multiexp B2
Thu Jul 13 10:54:30 2023  [TRACE]: Start Multiexp C
Fri Jul 14 14:10:36 2023  [TRACE]: Start Initializing a b c A
Fri Jul 14 14:10:36 2023  [TRACE]: Processing coefs
Fri Jul 14 14:10:36 2023  [TRACE]: Calculating c
Fri Jul 14 14:10:36 2023  [TRACE]: Initializing fft
Fri Jul 14 14:10:36 2023  [TRACE]: Start iFFT A
Fri Jul 14 14:10:36 2023  [TRACE]: a After ifft:
Fri Jul 14 14:10:36 2023  [TRACE]: Start Shift A
Fri Jul 14 14:10:36 2023  [TRACE]: a After shift:
Fri Jul 14 14:10:36 2023  [TRACE]: Start FFT A
Fri Jul 14 14:10:36 2023  [TRACE]: a After fft:
Fri Jul 14 14:10:36 2023  [TRACE]: Start iFFT B
Fri Jul 14 14:10:36 2023  [TRACE]: b After ifft:
Fri Jul 14 14:10:36 2023  [TRACE]: Start Shift B
Fri Jul 14 14:10:36 2023  [TRACE]: b After shift:
Fri Jul 14 14:10:36 2023  [TRACE]: Start FFT B
Fri Jul 14 14:10:36 2023  [TRACE]: b After fft:
Fri Jul 14 14:10:36 2023  [TRACE]: Start iFFT C
Fri Jul 14 14:10:36 2023  [TRACE]: c After ifft:
Fri Jul 14 14:10:36 2023  [TRACE]: Start Shift C
Fri Jul 14 14:10:36 2023  [TRACE]: c After shift:
Fri Jul 14 14:10:36 2023  [TRACE]: Start FFT C
Fri Jul 14 14:10:36 2023  [TRACE]: c After fft:
Fri Jul 14 14:10:36 2023  [TRACE]: Start ABC
Fri Jul 14 14:10:36 2023  [TRACE]: abc:
Fri Jul 14 14:10:36 2023  [TRACE]: Start Multiexp H
Fri Jul 14 14:10:36 2023  [TRACE]: Start Multiexp A
Fri Jul 14 14:10:36 2023  [TRACE]: Start Multiexp B1
Fri Jul 14 14:10:36 2023  [TRACE]: Start Multiexp B2
Fri Jul 14 14:10:37 2023  [TRACE]: Start Multiexp C
Wed Jul 19 11:03:53 2023  [TRACE]: Start Initializing a b c A
Wed Jul 19 11:03:53 2023  [TRACE]: Processing coefs
Wed Jul 19 11:03:53 2023  [TRACE]: Calculating c
Wed Jul 19 11:03:53 2023  [TRACE]: Initializing fft
Wed Jul 19 11:03:53 2023  [TRACE]: Start iFFT A
Wed Jul 19 11:03:53 2023  [TRACE]: a After ifft:
Wed Jul 19 11:03:53 2023  [TRACE]: Start Shift A
Wed Jul 19 11:03:53 2023  [TRACE]: a After shift:
Wed Jul 19 11:03:53 2023  [TRACE]: Start FFT A
Wed Jul 19 11:03:53 2023  [TRACE]: a After fft:
Wed Jul 19 11:03:53 2023  [TRACE]: Start iFFT B
Wed Jul 19 11:03:53 2023  [TRACE]: b After ifft:
Wed Jul 19 11:03:53 2023  [TRACE]: Start Shift B
Wed Jul 19 11:03:53 2023  [TRACE]: b After shift:
Wed Jul 19 11:03:53 2023  [TRACE]: Start FFT B
Wed Jul 19 11:03:53 2023  [TRACE]: b After fft:
Wed Jul 19 11:03:53 2023  [TRACE]: Start iFFT C
Wed Jul 19 11:03:53 2023  [TRACE]: c After ifft:
Wed Jul 19 11:03:53 2023  [TRACE]: Start Shift C
Wed Jul 19 11:03:53 2023  [TRACE]: c After shift:
Wed Jul 19 11:03:53 2023  [TRACE]: Start FFT C
Wed Jul 19 11:03:53 2023  [TRACE]: c After fft:
Wed Jul 19 11:03:53 2023  [TRACE]: Start ABC
Wed Jul 19 11:03:53 2023  [TRACE]: abc:
Wed Jul 19 11:03:53 2023  [TRACE]: Start Multiexp H
Wed Jul 19 11:03:53 2023  [TRACE]: Start Multiexp A
Wed Jul 19 11:03:53 2023  [TRACE]: Start Multiexp B1
Wed Jul 19 11:03:54 2023  [TRACE]: Start Multiexp B2
Wed Jul 19 11:03:54 2023  [TRACE]: Start Multiexp C
Mon Jul 24 10:06:48 2023  [TRACE]: Start Initializing a b c A
Mon Jul 24 10:06:48 2023  [TRACE]: Processing coefs
Mon Jul 24 10:06:48 2023  [TRACE]: Calculating c
Mon Jul 24 10:06:48 2023  [TRACE]: Initializing fft
Mon Jul 24 10:06:48 2023  [TRACE]: Start iFFT A
Mon Jul 24 10:06:48 2023  [TRACE]: a After ifft:
Mon Jul 24 10:06:48 2023  [TRACE]: Start Shift A
Mon Jul 24 10:06:48 2023  [TRACE]: a After shift:
Mon Jul 24 10:06:48 2023  [TRACE]: Start FFT A
Mon Jul 24 10:06:48 2023  [TRACE]: a After fft:
Mon Jul 24 10:06:48 2023  [TRACE]: Start iFFT B
Mon Jul 24 10:06:48 2023  [TRACE]: b After ifft:
Mon Jul 24 10:06:48 2023  [TRACE]: Start Shift B
Mon Jul 24 10:06:48 2023  [TRACE]: b After shift:
Mon Jul 24 10:06:48 2023  [TRACE]: Start FFT B
Mon Jul 24 10:06:48 2023  [TRACE]: b After fft:
Mon Jul 24 10:06:48 2023  [TRACE]: Start iFFT C
Mon Jul 24 10:06:48 2023  [TRACE]: c After ifft:
Mon Jul 24 10:06:48 2023  [TRACE]: Start Shift C
Mon Jul 24 10:06:48 2023  [TRACE]: c After shift:
Mon Jul 24 10:06:48 2023  [TRACE]: Start FFT C
Mon Jul 24 10:06:48 2023  [TRACE]: c After fft:
Mon Jul 24 10:06:48 2023  [TRACE]: Start ABC
Mon Jul 24 10:06:48 2023  [TRACE]: abc:
Mon Jul 24 10:06:48 2023  [TRACE]: Start Multiexp H
Mon Jul 24 10:06:49 2023  [TRACE]: Start Multiexp A
Mon Jul 24 10:06:49 2023  [TRACE]: Start Multiexp B1
Mon Jul 24 10:06:49 2023  [TRACE]: Start Multiexp B2
Mon Jul 24 10:06:49 2023  [TRACE]: Start Multiexp C
Mon Jul 24 10:07:57 2023  [TRACE]: Start Initializing a b c A
Mon Jul 24 10:07:57 2023  [TRACE]: Processing coefs
Mon Jul 24 10:07:57 2023  [TRACE]: Calculating c
Mon Jul 24 10:07:57 2023  [TRACE]: Initializing fft
Mon Jul 24 10:07:57 2023  [TRACE]: Start iFFT A
Mon Jul 24 10:07:57 2023  [TRACE]: a After ifft:
Mon Jul 24 10:07:57 2023  [TRACE]: Start Shift A
Mon Jul 24 10:07:57 2023  [TRACE]: a After shift:
Mon Jul 24 10:07:57 2023  [TRACE]: Start FFT A
Mon Jul 24 10:07:57 2023  [TRACE]: a After fft:
Mon Jul 24 10:07:57 2023  [TRACE]: Start iFFT B
Mon Jul 24 10:07:57 2023  [TRACE]: b After ifft:
Mon Jul 24 10:07:57 2023  [TRACE]: Start Shift B
Mon Jul 24 10:07:57 2023  [TRACE]: b After shift:
Mon Jul 24 10:07:57 2023  [TRACE]: Start FFT B
Mon Jul 24 10:07:57 2023  [TRACE]: b After fft:
Mon Jul 24 10:07:57 2023  [TRACE]: Start iFFT C
Mon Jul 24 10:07:57 2023  [TRACE]: c After ifft:
Mon Jul 24 10:07:57 2023  [TRACE]: Start Shift C
Mon Jul 24 10:07:57 2023  [TRACE]: c After shift:
Mon Jul 24 10:07:57 2023  [TRACE]: Start FFT C
Mon Jul 24 10:07:57 2023  [TRACE]: c After fft:
Mon Jul 24 10:07:57 2023  [TRACE]: Start ABC
Mon Jul 24 10:07:57 2023  [TRACE]: abc:
Mon Jul 24 10:07:57 2023  [TRACE]: Start Multiexp H
Mon Jul 24 10:07:57 2023  [TRACE]: Start Multiexp A
Mon Jul 24 10:07:58 2023  [TRACE]: Start Multiexp B1
Mon Jul 24 10:07:58 2023  [TRACE]: Start Multiexp B2
Mon Jul 24 10:07:58 2023  [TRACE]: Start Multiexp C
Mon Jul 24 10:09:17 2023  [TRACE]: Start Initializing a b c A
Mon Jul 24 10:09:17 2023  [TRACE]: Processing coefs
Mon Jul 24 10:09:17 2023  [TRACE]: Calculating c
Mon Jul 24 10:09:17 2023  [TRACE]: Initializing fft
Mon Jul 24 10:09:17 2023  [TRACE]: Start iFFT A
Mon Jul 24 10:09:17 2023  [TRACE]: a After ifft:
Mon Jul 24 10:09:17 2023  [TRACE]: Start Shift A
Mon Jul 24 10:09:17 2023  [TRACE]: a After shift:
Mon Jul 24 10:09:17 2023  [TRACE]: Start FFT A
Mon Jul 24 10:09:17 2023  [TRACE]: a After fft:
Mon Jul 24 10:09:17 2023  [TRACE]: Start iFFT B
Mon Jul 24 10:09:17 2023  [TRACE]: b After ifft:
Mon Jul 24 10:09:17 2023  [TRACE]: Start Shift B
Mon Jul 24 10:09:17 2023  [TRACE]: b After shift:
Mon Jul 24 10:09:17 2023  [TRACE]: Start FFT B
Mon Jul 24 10:09:17 2023  [TRACE]: b After fft:
Mon Jul 24 10:09:17 2023  [TRACE]: Start iFFT C
Mon Jul 24 10:09:17 2023  [TRACE]: c After ifft:
Mon Jul 24 10:09:17 2023  [TRACE]: Start Shift C
Mon Jul 24 10:09:17 2023  [TRACE]: c After shift:
Mon Jul 24 10:09:17 2023  [TRACE]: Start FFT C
Mon Jul 24 10:09:17 2023  [TRACE]: c After fft:
Mon Jul 24 10:09:17 2023  [TRACE]: Start ABC
Mon Jul 24 10:09:17 2023  [TRACE]: abc:
Mon Jul 24 10:09:17 2023  [TRACE]: Start Multiexp H
Mon Jul 24 10:09:17 2023  [TRACE]: Start Multiexp A
Mon Jul 24 10:09:17 2023  [TRACE]: Start Multiexp B1
Mon Jul 24 10:09:18 2023  [TRACE]: Start Multiexp B2
Mon Jul 24 10:09:18 2023  [TRACE]: Start Multiexp C
Mon Jul 24 10:30:34 2023  [TRACE]: Start Initializing a b c A
Mon Jul 24 10:30:34 2023  [TRACE]: Processing coefs
Mon Jul 24 10:30:34 2023  [TRACE]: Calculating c
Mon Jul 24 10:30:34 2023  [TRACE]: Initializing fft
Mon Jul 24 10:30:34 2023  [TRACE]: Start iFFT A
Mon Jul 24 10:30:34 2023  [TRACE]: a After ifft:
Mon Jul 24 10:30:34 2023  [TRACE]: Start Shift A
Mon Jul 24 10:30:34 2023  [TRACE]: a After shift:
Mon Jul 24 10:30:34 2023  [TRACE]: Start FFT A
Mon Jul 24 10:30:34 2023  [TRACE]: a After fft:
Mon Jul 24 10:30:34 2023  [TRACE]: Start iFFT B
Mon Jul 24 10:30:34 2023  [TRACE]: b After ifft:
Mon Jul 24 10:30:34 2023  [TRACE]: Start Shift B
Mon Jul 24 10:30:34 2023  [TRACE]: b After shift:
Mon Jul 24 10:30:34 2023  [TRACE]: Start FFT B
Mon Jul 24 10:30:35 2023  [TRACE]: b After fft:
Mon Jul 24 10:30:35 2023  [TRACE]: Start iFFT C
Mon Jul 24 10:30:35 2023  [TRACE]: c After ifft:
Mon Jul 24 10:30:35 2023  [TRACE]: Start Shift C
Mon Jul 24 10:30:35 2023  [TRACE]: c After shift:
Mon Jul 24 10:30:35 2023  [TRACE]: Start FFT C
Mon Jul 24 10:30:35 2023  [TRACE]: c After fft:
Mon Jul 24 10:30:35 2023  [TRACE]: Start ABC
Mon Jul 24 10:30:35 2023  [TRACE]: abc:
Mon Jul 24 10:30:35 2023  [TRACE]: Start Multiexp H
Mon Jul 24 10:30:35 2023  [TRACE]: Start Multiexp A
Mon Jul 24 10:30:35 2023  [TRACE]: Start Multiexp B1
Mon Jul 24 10:30:35 2023  [TRACE]: Start Multiexp B2
Mon Jul 24 10:30:35 2023  [TRACE]: Start Multiexp C
Mon Jul 24 10:46:04 2023  [TRACE]: Start Initializing a b c A
Mon Jul 24 10:46:04 2023  [TRACE]: Processing coefs
Mon Jul 24 10:46:04 2023  [TRACE]: Calculating c
Mon Jul 24 10:46:04 2023  [TRACE]: Initializing fft
Mon Jul 24 10:46:04 2023  [TRACE]: Start iFFT A
Mon Jul 24 10:46:04 2023  [TRACE]: a After ifft:
Mon Jul 24 10:46:04 2023  [TRACE]: Start Shift A
Mon Jul 24 10:46:04 2023  [TRACE]: a After shift:
Mon Jul 24 10:46:04 2023  [TRACE]: Start FFT A
Mon Jul 24 10:46:04 2023  [TRACE]: a After fft:
Mon Jul 24 10:46:04 2023  [TRACE]: Start iFFT B
Mon Jul 24 10:46:04 2023  [TRACE]: b After ifft:
Mon Jul 24 10:46:04 2023  [TRACE]: Start Shift B
Mon Jul 24 10:46:04 2023  [TRACE]: b After shift:
Mon Jul 24 10:46:04 2023  [TRACE]: Start FFT B
Mon Jul 24 10:46:04 2023  [TRACE]: b After fft:
Mon Jul 24 10:46:04 2023  [TRACE]: Start iFFT C
Mon Jul 24 10:46:04 2023  [TRACE]: c After ifft:
Mon Jul 24 10:46:04 2023  [TRACE]: Start Shift C
Mon Jul 24 10:46:04 2023  [TRACE]: c After shift:
Mon Jul 24 10:46:04 2023  [TRACE]: Start FFT C
Mon Jul 24 10:46:04 2023  [TRACE]: c After fft:
Mon Jul 24 10:46:04 2023  [TRACE]: Start ABC
Mon Jul 24 10:46:04 2023  [TRACE]: abc:
Mon Jul 24 10:46:04 2023  [TRACE]: Start Multiexp H
Mon Jul 24 10:46:04 2023  [TRACE]: Start Multiexp A
Mon Jul 24 10:46:04 2023  [TRACE]: Start Multiexp B1
Mon Jul 24 10:46:04 2023  [TRACE]: Start Multiexp B2
Mon Jul 24 10:46:04 2023  [TRACE]: Start Multiexp C
Wed Aug  2 04:16:46 2023  [TRACE]: Start Initializing a b c A
Wed Aug  2 04:16:46 2023  [TRACE]: Processing coefs
Wed Aug  2 04:16:46 2023  [TRACE]: Calculating c
Wed Aug  2 04:16:46 2023  [TRACE]: Initializing fft
Wed Aug  2 04:16:46 2023  [TRACE]: Start iFFT A
Wed Aug  2 04:16:46 2023  [TRACE]: a After ifft:
Wed Aug  2 04:16:46 2023  [TRACE]: Start Shift A
Wed Aug  2 04:16:46 2023  [TRACE]: a After shift:
Wed Aug  2 04:16:46 2023  [TRACE]: Start FFT A
Wed Aug  2 04:16:46 2023  [TRACE]: a After fft:
Wed Aug  2 04:16:46 2023  [TRACE]: Start iFFT B
Wed Aug  2 04:16:46 2023  [TRACE]: b After ifft:
Wed Aug  2 04:16:46 2023  [TRACE]: Start Shift B
Wed Aug  2 04:16:46 2023  [TRACE]: b After shift:
Wed Aug  2 04:16:46 2023  [TRACE]: Start FFT B
Wed Aug  2 04:16:46 2023  [TRACE]: b After fft:
Wed Aug  2 04:16:46 2023  [TRACE]: Start iFFT C
Wed Aug  2 04:16:46 2023  [TRACE]: c After ifft:
Wed Aug  2 04:16:46 2023  [TRACE]: Start Shift C
Wed Aug  2 04:16:46 2023  [TRACE]: c After shift:
Wed Aug  2 04:16:46 2023  [TRACE]: Start FFT C
Wed Aug  2 04:16:46 2023  [TRACE]: c After fft:
Wed Aug  2 04:16:46 2023  [TRACE]: Start ABC
Wed Aug  2 04:16:46 2023  [TRACE]: abc:
Wed Aug  2 04:16:46 2023  [TRACE]: Start Multiexp H
Wed Aug  2 04:16:46 2023  [TRACE]: Start Multiexp A
Wed Aug  2 04:16:46 2023  [TRACE]: Start Multiexp B1
Wed Aug  2 04:16:46 2023  [TRACE]: Start Multiexp B2
Wed Aug  2 04:16:47 2023  [TRACE]: Start Multiexp C
Sun Aug  6 04:16:38 2023  [TRACE]: Start Initializing a b c A
Sun Aug  6 04:16:38 2023  [TRACE]: Processing coefs
Sun Aug  6 04:16:38 2023  [TRACE]: Calculating c
Sun Aug  6 04:16:38 2023  [TRACE]: Initializing fft
Sun Aug  6 04:16:38 2023  [TRACE]: Start iFFT A
Sun Aug  6 04:16:38 2023  [TRACE]: a After ifft:
Sun Aug  6 04:16:38 2023  [TRACE]: Start Shift A
Sun Aug  6 04:16:38 2023  [TRACE]: a After shift:
Sun Aug  6 04:16:38 2023  [TRACE]: Start FFT A
Sun Aug  6 04:16:38 2023  [TRACE]: a After fft:
Sun Aug  6 04:16:38 2023  [TRACE]: Start iFFT B
Sun Aug  6 04:16:38 2023  [TRACE]: b After ifft:
Sun Aug  6 04:16:38 2023  [TRACE]: Start Shift B
Sun Aug  6 04:16:38 2023  [TRACE]: b After shift:
Sun Aug  6 04:16:38 2023  [TRACE]: Start FFT B
Sun Aug  6 04:16:38 2023  [TRACE]: b After fft:
Sun Aug  6 04:16:38 2023  [TRACE]: Start iFFT C
Sun Aug  6 04:16:38 2023  [TRACE]: c After ifft:
Sun Aug  6 04:16:38 2023  [TRACE]: Start Shift C
Sun Aug  6 04:16:38 2023  [TRACE]: c After shift:
Sun Aug  6 04:16:38 2023  [TRACE]: Start FFT C
Sun Aug  6 04:16:38 2023  [TRACE]: c After fft:
Sun Aug  6 04:16:38 2023  [TRACE]: Start ABC
Sun Aug  6 04:16:38 2023  [TRACE]: abc:
Sun Aug  6 04:16:38 2023  [TRACE]: Start Multiexp H
Sun Aug  6 04:16:38 2023  [TRACE]: Start Multiexp A
Sun Aug  6 04:16:39 2023  [TRACE]: Start Multiexp B1
Sun Aug  6 04:16:39 2023  [TRACE]: Start Multiexp B2
Sun Aug  6 04:16:39 2023  [TRACE]: Start Multiexp C
Sun Aug  6 04:27:34 2023  [TRACE]: Start Initializing a b c A
Sun Aug  6 04:27:34 2023  [TRACE]: Processing coefs
Sun Aug  6 04:27:34 2023  [TRACE]: Calculating c
Sun Aug  6 04:27:34 2023  [TRACE]: Initializing fft
Sun Aug  6 04:27:34 2023  [TRACE]: Start iFFT A
Sun Aug  6 04:27:34 2023  [TRACE]: a After ifft:
Sun Aug  6 04:27:34 2023  [TRACE]: Start Shift A
Sun Aug  6 04:27:34 2023  [TRACE]: a After shift:
Sun Aug  6 04:27:34 2023  [TRACE]: Start FFT A
Sun Aug  6 04:27:34 2023  [TRACE]: a After fft:
Sun Aug  6 04:27:34 2023  [TRACE]: Start iFFT B
Sun Aug  6 04:27:34 2023  [TRACE]: b After ifft:
Sun Aug  6 04:27:34 2023  [TRACE]: Start Shift B
Sun Aug  6 04:27:34 2023  [TRACE]: b After shift:
Sun Aug  6 04:27:34 2023  [TRACE]: Start FFT B
Sun Aug  6 04:27:34 2023  [TRACE]: b After fft:
Sun Aug  6 04:27:34 2023  [TRACE]: Start iFFT C
Sun Aug  6 04:27:34 2023  [TRACE]: c After ifft:
Sun Aug  6 04:27:34 2023  [TRACE]: Start Shift C
Sun Aug  6 04:27:34 2023  [TRACE]: c After shift:
Sun Aug  6 04:27:34 2023  [TRACE]: Start FFT C
Sun Aug  6 04:27:34 2023  [TRACE]: c After fft:
Sun Aug  6 04:27:34 2023  [TRACE]: Start ABC
Sun Aug  6 04:27:34 2023  [TRACE]: abc:
Sun Aug  6 04:27:34 2023  [TRACE]: Start Multiexp H
Sun Aug  6 04:27:35 2023  [TRACE]: Start Multiexp A
Sun Aug  6 04:27:35 2023  [TRACE]: Start Multiexp B1
Sun Aug  6 04:27:35 2023  [TRACE]: Start Multiexp B2
Sun Aug  6 04:27:35 2023  [TRACE]: Start Multiexp C
Mon Aug  7 10:55:49 2023  [TRACE]: Start Initializing a b c A
Mon Aug  7 10:55:49 2023  [TRACE]: Processing coefs
Mon Aug  7 10:55:49 2023  [TRACE]: Calculating c
Mon Aug  7 10:55:49 2023  [TRACE]: Initializing fft
Mon Aug  7 10:55:49 2023  [TRACE]: Start iFFT A
Mon Aug  7 10:55:49 2023  [TRACE]: a After ifft:
Mon Aug  7 10:55:49 2023  [TRACE]: Start Shift A
Mon Aug  7 10:55:49 2023  [TRACE]: a After shift:
Mon Aug  7 10:55:49 2023  [TRACE]: Start FFT A
Mon Aug  7 10:55:49 2023  [TRACE]: a After fft:
Mon Aug  7 10:55:49 2023  [TRACE]: Start iFFT B
Mon Aug  7 10:55:49 2023  [TRACE]: b After ifft:
Mon Aug  7 10:55:49 2023  [TRACE]: Start Shift B
Mon Aug  7 10:55:49 2023  [TRACE]: b After shift:
Mon Aug  7 10:55:49 2023  [TRACE]: Start FFT B
Mon Aug  7 10:55:49 2023  [TRACE]: b After fft:
Mon Aug  7 10:55:49 2023  [TRACE]: Start iFFT C
Mon Aug  7 10:55:49 2023  [TRACE]: c After ifft:
Mon Aug  7 10:55:49 2023  [TRACE]: Start Shift C
Mon Aug  7 10:55:49 2023  [TRACE]: c After shift:
Mon Aug  7 10:55:49 2023  [TRACE]: Start FFT C
Mon Aug  7 10:55:49 2023  [TRACE]: c After fft:
Mon Aug  7 10:55:49 2023  [TRACE]: Start ABC
Mon Aug  7 10:55:49 2023  [TRACE]: abc:
Mon Aug  7 10:55:49 2023  [TRACE]: Start Multiexp H
Mon Aug  7 10:55:50 2023  [TRACE]: Start Multiexp A
Mon Aug  7 10:55:50 2023  [TRACE]: Start Multiexp B1
Mon Aug  7 10:55:50 2023  [TRACE]: Start Multiexp B2
Mon Aug  7 10:55:50 2023  [TRACE]: Start Multiexp C
Mon Aug  7 11:00:25 2023  [TRACE]: Start Initializing a b c A
Mon Aug  7 11:00:25 2023  [TRACE]: Processing coefs
Mon Aug  7 11:00:25 2023  [TRACE]: Calculating c
Mon Aug  7 11:00:25 2023  [TRACE]: Initializing fft
Mon Aug  7 11:00:25 2023  [TRACE]: Start iFFT A
Mon Aug  7 11:00:25 2023  [TRACE]: a After ifft:
Mon Aug  7 11:00:25 2023  [TRACE]: Start Shift A
Mon Aug  7 11:00:25 2023  [TRACE]: a After shift:
Mon Aug  7 11:00:25 2023  [TRACE]: Start FFT A
Mon Aug  7 11:00:25 2023  [TRACE]: a After fft:
Mon Aug  7 11:00:25 2023  [TRACE]: Start iFFT B
Mon Aug  7 11:00:25 2023  [TRACE]: b After ifft:
Mon Aug  7 11:00:25 2023  [TRACE]: Start Shift B
Mon Aug  7 11:00:25 2023  [TRACE]: b After shift:
Mon Aug  7 11:00:25 2023  [TRACE]: Start FFT B
Mon Aug  7 11:00:25 2023  [TRACE]: b After fft:
Mon Aug  7 11:00:25 2023  [TRACE]: Start iFFT C
Mon Aug  7 11:00:25 2023  [TRACE]: c After ifft:
Mon Aug  7 11:00:25 2023  [TRACE]: Start Shift C
Mon Aug  7 11:00:25 2023  [TRACE]: c After shift:
Mon Aug  7 11:00:25 2023  [TRACE]: Start FFT C
Mon Aug  7 11:00:25 2023  [TRACE]: c After fft:
Mon Aug  7 11:00:25 2023  [TRACE]: Start ABC
Mon Aug  7 11:00:25 2023  [TRACE]: abc:
Mon Aug  7 11:00:25 2023  [TRACE]: Start Multiexp H
Mon Aug  7 11:00:25 2023  [TRACE]: Start Multiexp A
Mon Aug  7 11:00:25 2023  [TRACE]: Start Multiexp B1
Mon Aug  7 11:00:25 2023  [TRACE]: Start Multiexp B2
Mon Aug  7 11:00:25 2023  [TRACE]: Start Multiexp C
Thu Aug 10 18:05:09 2023  [TRACE]: Start Initializing a b c A
Thu Aug 10 18:05:09 2023  [TRACE]: Processing coefs
Thu Aug 10 18:05:09 2023  [TRACE]: Calculating c
Thu Aug 10 18:05:09 2023  [TRACE]: Initializing fft
Thu Aug 10 18:05:09 2023  [TRACE]: Start iFFT A
Thu Aug 10 18:05:09 2023  [TRACE]: a After ifft:
Thu Aug 10 18:05:09 2023  [TRACE]: Start Shift A
Thu Aug 10 18:05:09 2023  [TRACE]: a After shift:
Thu Aug 10 18:05:09 2023  [TRACE]: Start FFT A
Thu Aug 10 18:05:09 2023  [TRACE]: a After fft:
Thu Aug 10 18:05:09 2023  [TRACE]: Start iFFT B
Thu Aug 10 18:05:09 2023  [TRACE]: b After ifft:
Thu Aug 10 18:05:09 2023  [TRACE]: Start Shift B
Thu Aug 10 18:05:09 2023  [TRACE]: b After shift:
Thu Aug 10 18:05:09 2023  [TRACE]: Start FFT B
Thu Aug 10 18:05:09 2023  [TRACE]: b After fft:
Thu Aug 10 18:05:09 2023  [TRACE]: Start iFFT C
Thu Aug 10 18:05:09 2023  [TRACE]: c After ifft:
Thu Aug 10 18:05:09 2023  [TRACE]: Start Shift C
Thu Aug 10 18:05:09 2023  [TRACE]: c After shift:
Thu Aug 10 18:05:09 2023  [TRACE]: Start FFT C
Thu Aug 10 18:05:09 2023  [TRACE]: c After fft:
Thu Aug 10 18:05:09 2023  [TRACE]: Start ABC
Thu Aug 10 18:05:09 2023  [TRACE]: abc:
Thu Aug 10 18:05:09 2023  [TRACE]: Start Multiexp H
Thu Aug 10 18:05:10 2023  [TRACE]: Start Multiexp A
Thu Aug 10 18:05:10 2023  [TRACE]: Start Multiexp B1
Thu Aug 10 18:05:10 2023  [TRACE]: Start Multiexp B2
Thu Aug 10 18:05:10 2023  [TRACE]: Start Multiexp C
Thu Aug 10 23:40:22 2023  [TRACE]: Start Initializing a b c A
Thu Aug 10 23:40:22 2023  [TRACE]: Processing coefs
Thu Aug 10 23:40:22 2023  [TRACE]: Calculating c
Thu Aug 10 23:40:22 2023  [TRACE]: Initializing fft
Thu Aug 10 23:40:22 2023  [TRACE]: Start iFFT A
Thu Aug 10 23:40:22 2023  [TRACE]: a After ifft:
Thu Aug 10 23:40:22 2023  [TRACE]: Start Shift A
Thu Aug 10 23:40:22 2023  [TRACE]: a After shift:
Thu Aug 10 23:40:22 2023  [TRACE]: Start FFT A
Thu Aug 10 23:40:22 2023  [TRACE]: a After fft:
Thu Aug 10 23:40:22 2023  [TRACE]: Start iFFT B
Thu Aug 10 23:40:22 2023  [TRACE]: b After ifft:
Thu Aug 10 23:40:22 2023  [TRACE]: Start Shift B
Thu Aug 10 23:40:22 2023  [TRACE]: b After shift:
Thu Aug 10 23:40:22 2023  [TRACE]: Start FFT B
Thu Aug 10 23:40:22 2023  [TRACE]: b After fft:
Thu Aug 10 23:40:22 2023  [TRACE]: Start iFFT C
Thu Aug 10 23:40:22 2023  [TRACE]: c After ifft:
Thu Aug 10 23:40:22 2023  [TRACE]: Start Shift C
Thu Aug 10 23:40:22 2023  [TRACE]: c After shift:
Thu Aug 10 23:40:22 2023  [TRACE]: Start FFT C
Thu Aug 10 23:40:22 2023  [TRACE]: c After fft:
Thu Aug 10 23:40:22 2023  [TRACE]: Start ABC
Thu Aug 10 23:40:22 2023  [TRACE]: abc:
Thu Aug 10 23:40:22 2023  [TRACE]: Start Multiexp H
Thu Aug 10 23:40:22 2023  [TRACE]: Start Multiexp A
Thu Aug 10 23:40:22 2023  [TRACE]: Start Multiexp B1
Thu Aug 10 23:40:22 2023  [TRACE]: Start Multiexp B2
Thu Aug 10 23:40:23 2023  [TRACE]: Start Multiexp C
Fri Aug 11 01:14:20 2023  [TRACE]: Start Initializing a b c A
Fri Aug 11 01:14:20 2023  [TRACE]: Processing coefs
Fri Aug 11 01:14:20 2023  [TRACE]: Calculating c
Fri Aug 11 01:14:20 2023  [TRACE]: Initializing fft
Fri Aug 11 01:14:20 2023  [TRACE]: Start iFFT A
Fri Aug 11 01:14:21 2023  [TRACE]: a After ifft:
Fri Aug 11 01:14:21 2023  [TRACE]: Start Shift A
Fri Aug 11 01:14:21 2023  [TRACE]: a After shift:
Fri Aug 11 01:14:21 2023  [TRACE]: Start FFT A
Fri Aug 11 01:14:21 2023  [TRACE]: a After fft:
Fri Aug 11 01:14:21 2023  [TRACE]: Start iFFT B
Fri Aug 11 01:14:21 2023  [TRACE]: b After ifft:
Fri Aug 11 01:14:21 2023  [TRACE]: Start Shift B
Fri Aug 11 01:14:21 2023  [TRACE]: b After shift:
Fri Aug 11 01:14:21 2023  [TRACE]: Start FFT B
Fri Aug 11 01:14:21 2023  [TRACE]: b After fft:
Fri Aug 11 01:14:21 2023  [TRACE]: Start iFFT C
Fri Aug 11 01:14:21 2023  [TRACE]: c After ifft:
Fri Aug 11 01:14:21 2023  [TRACE]: Start Shift C
Fri Aug 11 01:14:21 2023  [TRACE]: c After shift:
Fri Aug 11 01:14:21 2023  [TRACE]: Start FFT C
Fri Aug 11 01:14:21 2023  [TRACE]: c After fft:
Fri Aug 11 01:14:21 2023  [TRACE]: Start ABC
Fri Aug 11 01:14:21 2023  [TRACE]: abc:
Fri Aug 11 01:14:21 2023  [TRACE]: Start Multiexp H
Fri Aug 11 01:14:21 2023  [TRACE]: Start Multiexp A
Fri Aug 11 01:14:21 2023  [TRACE]: Start Multiexp B1
Fri Aug 11 01:14:21 2023  [TRACE]: Start Multiexp B2
Fri Aug 11 01:14:21 2023  [TRACE]: Start Multiexp C
Fri Aug 11 15:21:29 2023  [TRACE]: Start Initializing a b c A
Fri Aug 11 15:21:29 2023  [TRACE]: Processing coefs
Fri Aug 11 15:21:29 2023  [TRACE]: Calculating c
Fri Aug 11 15:21:29 2023  [TRACE]: Initializing fft
Fri Aug 11 15:21:29 2023  [TRACE]: Start iFFT A
Fri Aug 11 15:21:29 2023  [TRACE]: a After ifft:
Fri Aug 11 15:21:29 2023  [TRACE]: Start Shift A
Fri Aug 11 15:21:29 2023  [TRACE]: a After shift:
Fri Aug 11 15:21:29 2023  [TRACE]: Start FFT A
Fri Aug 11 15:21:29 2023  [TRACE]: a After fft:
Fri Aug 11 15:21:29 2023  [TRACE]: Start iFFT B
Fri Aug 11 15:21:29 2023  [TRACE]: b After ifft:
Fri Aug 11 15:21:29 2023  [TRACE]: Start Shift B
Fri Aug 11 15:21:29 2023  [TRACE]: b After shift:
Fri Aug 11 15:21:29 2023  [TRACE]: Start FFT B
Fri Aug 11 15:21:29 2023  [TRACE]: b After fft:
Fri Aug 11 15:21:29 2023  [TRACE]: Start iFFT C
Fri Aug 11 15:21:29 2023  [TRACE]: c After ifft:
Fri Aug 11 15:21:29 2023  [TRACE]: Start Shift C
Fri Aug 11 15:21:29 2023  [TRACE]: c After shift:
Fri Aug 11 15:21:29 2023  [TRACE]: Start FFT C
Fri Aug 11 15:21:29 2023  [TRACE]: c After fft:
Fri Aug 11 15:21:29 2023  [TRACE]: Start ABC
Fri Aug 11 15:21:29 2023  [TRACE]: abc:
Fri Aug 11 15:21:29 2023  [TRACE]: Start Multiexp H
Fri Aug 11 15:21:29 2023  [TRACE]: Start Multiexp A
Fri Aug 11 15:21:29 2023  [TRACE]: Start Multiexp B1
Fri Aug 11 15:21:29 2023  [TRACE]: Start Multiexp B2
Fri Aug 11 15:21:30 2023  [TRACE]: Start Multiexp C
Fri Aug 11 15:26:04 2023  [TRACE]: Start Initializing a b c A
Fri Aug 11 15:26:04 2023  [TRACE]: Processing coefs
Fri Aug 11 15:26:04 2023  [TRACE]: Calculating c
Fri Aug 11 15:26:04 2023  [TRACE]: Initializing fft
Fri Aug 11 15:26:04 2023  [TRACE]: Start iFFT A
Fri Aug 11 15:26:04 2023  [TRACE]: a After ifft:
Fri Aug 11 15:26:04 2023  [TRACE]: Start Shift A
Fri Aug 11 15:26:04 2023  [TRACE]: a After shift:
Fri Aug 11 15:26:04 2023  [TRACE]: Start FFT A
Fri Aug 11 15:26:04 2023  [TRACE]: a After fft:
Fri Aug 11 15:26:04 2023  [TRACE]: Start iFFT B
Fri Aug 11 15:26:04 2023  [TRACE]: b After ifft:
Fri Aug 11 15:26:04 2023  [TRACE]: Start Shift B
Fri Aug 11 15:26:04 2023  [TRACE]: b After shift:
Fri Aug 11 15:26:04 2023  [TRACE]: Start FFT B
Fri Aug 11 15:26:04 2023  [TRACE]: b After fft:
Fri Aug 11 15:26:04 2023  [TRACE]: Start iFFT C
Fri Aug 11 15:26:04 2023  [TRACE]: c After ifft:
Fri Aug 11 15:26:04 2023  [TRACE]: Start Shift C
Fri Aug 11 15:26:04 2023  [TRACE]: c After shift:
Fri Aug 11 15:26:04 2023  [TRACE]: Start FFT C
Fri Aug 11 15:26:04 2023  [TRACE]: c After fft:
Fri Aug 11 15:26:04 2023  [TRACE]: Start ABC
Fri Aug 11 15:26:04 2023  [TRACE]: abc:
Fri Aug 11 15:26:04 2023  [TRACE]: Start Multiexp H
Fri Aug 11 15:26:05 2023  [TRACE]: Start Multiexp A
Fri Aug 11 15:26:05 2023  [TRACE]: Start Multiexp B1
Fri Aug 11 15:26:05 2023  [TRACE]: Start Multiexp B2
Fri Aug 11 15:26:05 2023  [TRACE]: Start Multiexp C
