Fri Jun  9 16:31:59 2023  [TRACE]: Start Initializing a b c A
Fri Jun  9 16:31:59 2023  [TRACE]: Processing coefs
Fri Jun  9 16:31:59 2023  [TRACE]: Calculating c
Fri Jun  9 16:31:59 2023  [TRACE]: Initializing fft
Fri Jun  9 16:31:59 2023  [TRACE]: Start iFFT A
Fri Jun  9 16:31:59 2023  [TRACE]: a After ifft:
Fri Jun  9 16:31:59 2023  [TRACE]: Start Shift A
Fri Jun  9 16:31:59 2023  [TRACE]: a After shift:
Fri Jun  9 16:31:59 2023  [TRACE]: Start FFT A
Fri Jun  9 16:31:59 2023  [TRACE]: a After fft:
Fri Jun  9 16:31:59 2023  [TRACE]: Start iFFT B
Fri Jun  9 16:31:59 2023  [TRACE]: b After ifft:
Fri Jun  9 16:31:59 2023  [TRACE]: Start Shift B
Fri Jun  9 16:31:59 2023  [TRACE]: b After shift:
Fri Jun  9 16:31:59 2023  [TRACE]: Start FFT B
Fri Jun  9 16:31:59 2023  [TRACE]: b After fft:
Fri Jun  9 16:31:59 2023  [TRACE]: Start iFFT C
Fri Jun  9 16:31:59 2023  [TRACE]: c After ifft:
Fri Jun  9 16:31:59 2023  [TRACE]: Start Shift C
Fri Jun  9 16:31:59 2023  [TRACE]: c After shift:
Fri Jun  9 16:31:59 2023  [TRACE]: Start FFT C
Fri Jun  9 16:31:59 2023  [TRACE]: c After fft:
Fri Jun  9 16:31:59 2023  [TRACE]: Start ABC
Fri Jun  9 16:31:59 2023  [TRACE]: abc:
Fri Jun  9 16:31:59 2023  [TRACE]: Start Multiexp H
Fri Jun  9 16:31:59 2023  [TRACE]: Start Multiexp A
Fri Jun  9 16:31:59 2023  [TRACE]: Start Multiexp B1
Fri Jun  9 16:31:59 2023  [TRACE]: Start Multiexp B2
Fri Jun  9 16:32:00 2023  [TRACE]: Start Multiexp C
Fri Jun  9 16:33:28 2023  [TRACE]: Start Initializing a b c A
Fri Jun  9 16:33:28 2023  [TRACE]: Processing coefs
Fri Jun  9 16:33:28 2023  [TRACE]: Calculating c
Fri Jun  9 16:33:28 2023  [TRACE]: Initializing fft
Fri Jun  9 16:33:28 2023  [TRACE]: Start iFFT A
Fri Jun  9 16:33:28 2023  [TRACE]: a After ifft:
Fri Jun  9 16:33:28 2023  [TRACE]: Start Shift A
Fri Jun  9 16:33:28 2023  [TRACE]: a After shift:
Fri Jun  9 16:33:28 2023  [TRACE]: Start FFT A
Fri Jun  9 16:33:28 2023  [TRACE]: a After fft:
Fri Jun  9 16:33:28 2023  [TRACE]: Start iFFT B
Fri Jun  9 16:33:28 2023  [TRACE]: b After ifft:
Fri Jun  9 16:33:28 2023  [TRACE]: Start Shift B
Fri Jun  9 16:33:28 2023  [TRACE]: b After shift:
Fri Jun  9 16:33:28 2023  [TRACE]: Start FFT B
Fri Jun  9 16:33:28 2023  [TRACE]: b After fft:
Fri Jun  9 16:33:28 2023  [TRACE]: Start iFFT C
Fri Jun  9 16:33:28 2023  [TRACE]: c After ifft:
Fri Jun  9 16:33:28 2023  [TRACE]: Start Shift C
Fri Jun  9 16:33:28 2023  [TRACE]: c After shift:
Fri Jun  9 16:33:28 2023  [TRACE]: Start FFT C
Fri Jun  9 16:33:28 2023  [TRACE]: c After fft:
Fri Jun  9 16:33:28 2023  [TRACE]: Start ABC
Fri Jun  9 16:33:28 2023  [TRACE]: abc:
Fri Jun  9 16:33:28 2023  [TRACE]: Start Multiexp H
Fri Jun  9 16:33:28 2023  [TRACE]: Start Multiexp A
Fri Jun  9 16:33:28 2023  [TRACE]: Start Multiexp B1
Fri Jun  9 16:33:29 2023  [TRACE]: Start Multiexp B2
Fri Jun  9 16:33:29 2023  [TRACE]: Start Multiexp C
Mon Jun 12 09:03:38 2023  [TRACE]: Start Initializing a b c A
Mon Jun 12 09:03:38 2023  [TRACE]: Processing coefs
Mon Jun 12 09:03:38 2023  [TRACE]: Calculating c
Mon Jun 12 09:03:38 2023  [TRACE]: Initializing fft
Mon Jun 12 09:03:38 2023  [TRACE]: Start iFFT A
Mon Jun 12 09:03:38 2023  [TRACE]: a After ifft:
Mon Jun 12 09:03:38 2023  [TRACE]: Start Shift A
Mon Jun 12 09:03:38 2023  [TRACE]: a After shift:
Mon Jun 12 09:03:38 2023  [TRACE]: Start FFT A
Mon Jun 12 09:03:38 2023  [TRACE]: a After fft:
Mon Jun 12 09:03:38 2023  [TRACE]: Start iFFT B
Mon Jun 12 09:03:38 2023  [TRACE]: b After ifft:
Mon Jun 12 09:03:38 2023  [TRACE]: Start Shift B
Mon Jun 12 09:03:38 2023  [TRACE]: b After shift:
Mon Jun 12 09:03:38 2023  [TRACE]: Start FFT B
Mon Jun 12 09:03:38 2023  [TRACE]: b After fft:
Mon Jun 12 09:03:38 2023  [TRACE]: Start iFFT C
Mon Jun 12 09:03:38 2023  [TRACE]: c After ifft:
Mon Jun 12 09:03:38 2023  [TRACE]: Start Shift C
Mon Jun 12 09:03:38 2023  [TRACE]: c After shift:
Mon Jun 12 09:03:38 2023  [TRACE]: Start FFT C
Mon Jun 12 09:03:38 2023  [TRACE]: c After fft:
Mon Jun 12 09:03:38 2023  [TRACE]: Start ABC
Mon Jun 12 09:03:38 2023  [TRACE]: abc:
Mon Jun 12 09:03:38 2023  [TRACE]: Start Multiexp H
Mon Jun 12 09:03:39 2023  [TRACE]: Start Multiexp A
Mon Jun 12 09:03:39 2023  [TRACE]: Start Multiexp B1
Mon Jun 12 09:03:40 2023  [TRACE]: Start Multiexp B2
Mon Jun 12 09:03:40 2023  [TRACE]: Start Multiexp C
